Build started 2014-09-16 12:38:05.
     1>Project "C:\Users\g41\Documents\Visual Studio 2012\Projects\Snake_2player\Snake_Allegro\Snake_Allegro.vcxproj" on node 2 (Build target(s)).
     1>ClCompile:
         C:\Program Files\Microsoft Visual Studio 11.0\VC\bin\CL.exe /c /Zi /nologo /W3 /WX- /O2 /Oi /Oy- /GL /D WIN32 /D NDEBUG /D _CONSOLE /D _UNICODE /D UNICODE /Gm- /EHsc /MD /GS /Gy /fp:precise /Zc:wchar_t /Zc:forScope /Fo"Release\\" /Fd"Release\vc110.pdb" /Gd /TP /analyze- /errorReport:prompt Source.cpp
         Source.cpp
       Link:
         C:\Program Files\Microsoft Visual Studio 11.0\VC\bin\link.exe /ERRORREPORT:PROMPT /OUT:"C:\Users\g41\Documents\Visual Studio 2012\Projects\Snake_2player\Release\Snake_Allegro.exe" /INCREMENTAL:NO /NOLOGO alleg.lib kernel32.lib user32.lib gdi32.lib winspool.lib comdlg32.lib advapi32.lib shell32.lib ole32.lib oleaut32.lib uuid.lib odbc32.lib odbccp32.lib /MANIFEST /MANIFESTUAC:"level='asInvoker' uiAccess='false'" /manifest:embed /DEBUG /PDB:"C:\Users\g41\Documents\Visual Studio 2012\Projects\Snake_2player\Release\Snake_Allegro.pdb" /SUBSYSTEM:CONSOLE /OPT:REF /OPT:ICF /LTCG /TLBID:1 /DYNAMICBASE /NXCOMPAT /IMPLIB:"C:\Users\g41\Documents\Visual Studio 2012\Projects\Snake_2player\Release\Snake_Allegro.lib" /MACHINE:X86 /SAFESEH Release\Bonus.obj
         Release\Napis.obj
         Release\Ob_Dynamiczny.obj
         Release\Ob_Graficzny.obj
         Release\Ob_Statyczny.obj
         Release\Owoc.obj
         Release\Reakcja.obj
         Release\Snake.obj
         Release\Snake2.obj
         Release\Source.obj
         Generating code
         Finished generating code
         Snake_Allegro.vcxproj -> C:\Users\g41\Documents\Visual Studio 2012\Projects\Snake_2player\Release\Snake_Allegro.exe
     1>Done Building Project "C:\Users\g41\Documents\Visual Studio 2012\Projects\Snake_2player\Snake_Allegro\Snake_Allegro.vcxproj" (Build target(s)).

Build succeeded.

Time Elapsed 00:00:07.10
